C:\dev\Rider\NimbleMock\tests\NimbleMock.Benchmarks\obj\Release\net8.0\NimbleMock.SourceGenerator\MockProxyGenerator\Mock_IUserRepository_Factory.g.cs(7,51): error CS1003: Erro de sintaxe, "," esperado [C:\dev\Rider\NimbleMock\tests\NimbleMock.Benchmarks\NimbleMock.Benchmarks.csproj]
C:\dev\Rider\NimbleMock\tests\NimbleMock.Benchmarks\obj\Release\net8.0\NimbleMock.SourceGenerator\MockProxyGenerator\Mock_IUserRepository_Factory.g.cs(11,9): error CS0103: O nome "_factory" não existe no contexto atual [C:\dev\Rider\NimbleMock\tests\NimbleMock.Benchmarks\NimbleMock.Benchmarks.csproj]
C:\dev\Rider\NimbleMock\tests\NimbleMock.Benchmarks\obj\Release\net8.0\NimbleMock.SourceGenerator\MockProxyGenerator\Mock_IUserRepository.g.cs(20,15): error CS8917: O tipo de representante não pôde ser inferido. [C:\dev\Rider\NimbleMock\tests\NimbleMock.Benchmarks\NimbleMock.Benchmarks.csproj]
C:\dev\Rider\NimbleMock\tests\NimbleMock.Benchmarks\obj\Release\net8.0\NimbleMock.SourceGenerator\MockProxyGenerator\Mock_IUserRepository.g.cs(37,15): error CS8917: O tipo de representante não pôde ser inferido. [C:\dev\Rider\NimbleMock\tests\NimbleMock.Benchmarks\NimbleMock.Benchmarks.csproj]
C:\dev\Rider\NimbleMock\tests\NimbleMock.Benchmarks\obj\Release\net8.0\NimbleMock.SourceGenerator\MockProxyGenerator\Mock_IUserRepository.g.cs(54,15): error CS8917: O tipo de representante não pôde ser inferido. [C:\dev\Rider\NimbleMock\tests\NimbleMock.Benchmarks\NimbleMock.Benchmarks.csproj]
C:\dev\Rider\NimbleMock\tests\NimbleMock.Benchmarks\obj\Release\net8.0\NimbleMock.SourceGenerator\MockProxyGenerator\Mock_IUserRepository.g.cs(71,15): error CS8917: O tipo de representante não pôde ser inferido. [C:\dev\Rider\NimbleMock\tests\NimbleMock.Benchmarks\NimbleMock.Benchmarks.csproj]

Ocorreu uma falha no build. Corrija os erros de build e execute novamente.
